<?xml version="1.0" encoding="UTF-8"?>
<!-- Generated by org.testng.reporters.JUnitReportReporter -->
<testsuite skipped="0" hostname="Sai" name="com.listeners.Demo" tests="1" failures="0" timestamp="25 Sep 2021 11:22:21 GMT" time="0.015" errors="0">
  <testcase name="test" time="0.015" classname="com.listeners.Demo"/>
</testsuite> <!-- com.listeners.Demo -->
