<?xml version="1.0" encoding="UTF-8"?>
<!-- Generated by org.testng.reporters.JUnitReportReporter -->
<testsuite skipped="0" hostname="Sai" name="com.tests.DashboardPageTest" tests="2" failures="0" timestamp="02 Oct 2021 03:08:23 GMT" time="0.428" errors="0">
  <testcase name="test02" time="0.101" classname="com.tests.DashboardPageTest"/>
  <testcase name="test03" time="0.327" classname="com.tests.DashboardPageTest"/>
</testsuite> <!-- com.tests.DashboardPageTest -->
