<?xml version="1.0" encoding="UTF-8"?>
<!-- Generated by org.testng.reporters.JUnitReportReporter -->
<testsuite skipped="0" hostname="Sai" name="com.waitEx.WaitEx" tests="1" failures="0" timestamp="25 Sep 2021 17:49:23 GMT" time="8.322" errors="0">
  <testcase name="test01" time="8.322" classname="com.waitEx.WaitEx"/>
</testsuite> <!-- com.waitEx.WaitEx -->
