<?xml version="1.0" encoding="UTF-8"?>
<!-- Generated by org.testng.reporters.JUnitReportReporter -->
<testsuite skipped="0" hostname="Sai" name="com.tests.PageTest" tests="1" failures="0" timestamp="25 Sep 2021 04:44:01 GMT" time="2.505" errors="0">
  <testcase name="test01" time="2.505" classname="com.tests.PageTest"/>
</testsuite> <!-- com.tests.PageTest -->
