<?xml version="1.0" encoding="UTF-8"?>
<!-- Generated by org.testng.reporters.JUnitReportReporter -->
<testsuite skipped="0" hostname="Sai" name="com.tests.LoginPageTest" tests="1" failures="0" timestamp="02 Oct 2021 03:08:23 GMT" time="1.192" errors="0">
  <testcase name="test01" time="1.192" classname="com.tests.LoginPageTest"/>
</testsuite> <!-- com.tests.LoginPageTest -->
