<?xml version="1.0" encoding="UTF-8"?>
<!-- Generated by org.testng.reporters.JUnitReportReporter -->
<testsuite skipped="0" hostname="Sai" name="com.tests.LoginPageTest" tests="1" failures="0" timestamp="24 Oct 2021 03:33:36 GMT" time="2.221" errors="0">
  <testcase name="test01" time="2.221" classname="com.tests.LoginPageTest"/>
</testsuite> <!-- com.tests.LoginPageTest -->
